<?xml version="1.0" encoding="utf-8"?>
<TestRun id="3dfb2174-f8b0-4a6c-8f1b-c892326b7b0d" name="abubakr.olorunlambe@WINAPWFK9LXWCK5 2021-05-08 15:15:04" runUser="AVANADE-CORP\abubakr.olorunlambe" xmlns="http://microsoft.com/schemas/VisualStudio/TeamTest/2010">
  <Times creation="2021-05-08T15:15:04.2918273+01:00" queuing="2021-05-08T15:15:04.2918282+01:00" start="2021-05-08T15:15:00.8195974+01:00" finish="2021-05-08T15:15:04.4907378+01:00" />
  <TestSettings name="default" id="788117af-ce26-4131-a9a5-3994fa1fe09e">
    <Deployment runDeploymentRoot="abubakr.olorunlambe_WINAPWFK9LXWCK5_2021-05-08_15_15_04" />
  </TestSettings>
  <Results>
    <UnitTestResult executionId="141dc137-804f-4630-8ab8-a372ae0f949f" testId="8ac49355-cab9-70f5-a6f1-df0ece250670" testName="ScientiaTest.Utility.BookUtilityTest.GetViewModels" computerName="WINAPWFK9LXWCK5" duration="00:00:00.0088849" startTime="2021-05-08T15:15:04.1488867+01:00" endTime="2021-05-08T15:15:04.1490338+01:00" testType="13cdc9d9-ddb5-4fa4-a97d-d965ccfc6d4b" outcome="Passed" testListId="8c84fa94-04c1-424b-9868-57a2d4851a1d" relativeResultsDirectory="141dc137-804f-4630-8ab8-a372ae0f949f" />
    <UnitTestResult executionId="947715be-a402-4493-9e27-fb6e48f80b1a" testId="6b9dafb0-f801-3469-b9e0-fd6114546cad" testName="ScientiaTest.ControllerTests.BookControllerTest.DeleteBookTest" computerName="WINAPWFK9LXWCK5" duration="00:00:00.0020408" startTime="2021-05-08T15:15:04.2678192+01:00" endTime="2021-05-08T15:15:04.2678198+01:00" testType="13cdc9d9-ddb5-4fa4-a97d-d965ccfc6d4b" outcome="Passed" testListId="8c84fa94-04c1-424b-9868-57a2d4851a1d" relativeResultsDirectory="947715be-a402-4493-9e27-fb6e48f80b1a" />
    <UnitTestResult executionId="2b47608d-345a-428b-83a7-d380bd23db9f" testId="f240973b-6a35-4e02-83a1-bcf9626b05e8" testName="ScientiaTest.ControllerTests.AuthorControllerTest.UpdateAuthorTest" computerName="WINAPWFK9LXWCK5" duration="00:00:00.0014895" startTime="2021-05-08T15:15:04.2675571+01:00" endTime="2021-05-08T15:15:04.2675583+01:00" testType="13cdc9d9-ddb5-4fa4-a97d-d965ccfc6d4b" outcome="Passed" testListId="8c84fa94-04c1-424b-9868-57a2d4851a1d" relativeResultsDirectory="2b47608d-345a-428b-83a7-d380bd23db9f" />
    <UnitTestResult executionId="1e9274d5-9d17-470b-abd6-83c72592827d" testId="e49029af-be27-2205-ff67-7ef1add1eb08" testName="ScientiaTest.ControllerTests.BookControllerTest.GetBookTest" computerName="WINAPWFK9LXWCK5" duration="00:00:00.0028292" startTime="2021-05-08T15:15:04.2672523+01:00" endTime="2021-05-08T15:15:04.2672528+01:00" testType="13cdc9d9-ddb5-4fa4-a97d-d965ccfc6d4b" outcome="Passed" testListId="8c84fa94-04c1-424b-9868-57a2d4851a1d" relativeResultsDirectory="1e9274d5-9d17-470b-abd6-83c72592827d" />
    <UnitTestResult executionId="c0951496-cee8-427c-ba51-5f427d0ebd4a" testId="921f6832-9c62-5746-1cef-a7579a0bd74f" testName="ScientiaTest.Utility.AuthorUtilityTest.GetViewModels" computerName="WINAPWFK9LXWCK5" duration="00:00:00.0009473" startTime="2021-05-08T15:15:04.1608713+01:00" endTime="2021-05-08T15:15:04.1608716+01:00" testType="13cdc9d9-ddb5-4fa4-a97d-d965ccfc6d4b" outcome="Passed" testListId="8c84fa94-04c1-424b-9868-57a2d4851a1d" relativeResultsDirectory="c0951496-cee8-427c-ba51-5f427d0ebd4a" />
    <UnitTestResult executionId="6ebf2c5c-631a-4ebe-b3ed-2b4a9bb42d4a" testId="af0532c7-4118-addd-ffaf-66fdc4f124a8" testName="ScientiaTest.ControllerTests.AuthorControllerTest.DeleteAuthorTest" computerName="WINAPWFK9LXWCK5" duration="00:00:00.1294331" startTime="2021-05-08T15:15:04.2571040+01:00" endTime="2021-05-08T15:15:04.2571047+01:00" testType="13cdc9d9-ddb5-4fa4-a97d-d965ccfc6d4b" outcome="Passed" testListId="8c84fa94-04c1-424b-9868-57a2d4851a1d" relativeResultsDirectory="6ebf2c5c-631a-4ebe-b3ed-2b4a9bb42d4a" />
    <UnitTestResult executionId="c8b12b1f-0c35-402f-8dde-68cde5f5d434" testId="8b193d99-44f8-09eb-ffc8-803e8dfd57be" testName="ScientiaTest.ControllerTests.BookControllerTest.UpdateBookTest" computerName="WINAPWFK9LXWCK5" duration="00:00:00.1289094" startTime="2021-05-08T15:15:04.2565620+01:00" endTime="2021-05-08T15:15:04.2565636+01:00" testType="13cdc9d9-ddb5-4fa4-a97d-d965ccfc6d4b" outcome="Passed" testListId="8c84fa94-04c1-424b-9868-57a2d4851a1d" relativeResultsDirectory="c8b12b1f-0c35-402f-8dde-68cde5f5d434" />
    <UnitTestResult executionId="ff177e4d-81a2-4c82-b13b-d4013886ee8a" testId="3502f271-13fa-8b59-6263-1c0f153ba471" testName="ScientiaTest.Utility.AuthorUtilityTest.GetViewModel" computerName="WINAPWFK9LXWCK5" duration="00:00:00.0059588" startTime="2021-05-08T15:15:04.1588015+01:00" endTime="2021-05-08T15:15:04.1588023+01:00" testType="13cdc9d9-ddb5-4fa4-a97d-d965ccfc6d4b" outcome="Passed" testListId="8c84fa94-04c1-424b-9868-57a2d4851a1d" relativeResultsDirectory="ff177e4d-81a2-4c82-b13b-d4013886ee8a" />
    <UnitTestResult executionId="ffc3c002-c0a6-447e-b4d1-325e8afebf58" testId="3b1b3669-c341-1e78-b9dc-0974283987a9" testName="ScientiaTest.Utility.BookUtilityTest.GetViewModel" computerName="WINAPWFK9LXWCK5" duration="00:00:00.0007684" startTime="2021-05-08T15:15:04.1607303+01:00" endTime="2021-05-08T15:15:04.1607309+01:00" testType="13cdc9d9-ddb5-4fa4-a97d-d965ccfc6d4b" outcome="Passed" testListId="8c84fa94-04c1-424b-9868-57a2d4851a1d" relativeResultsDirectory="ffc3c002-c0a6-447e-b4d1-325e8afebf58" />
    <UnitTestResult executionId="330a41b7-dadc-4925-9eb2-f14a3df0edd5" testId="d2777cfa-be52-0448-7566-5e173e903bea" testName="ScientiaTest.ControllerTests.BookControllerTest.AddBookTest" computerName="WINAPWFK9LXWCK5" duration="00:00:00.0067017" startTime="2021-05-08T15:15:04.2694537+01:00" endTime="2021-05-08T15:15:04.2694548+01:00" testType="13cdc9d9-ddb5-4fa4-a97d-d965ccfc6d4b" outcome="Passed" testListId="8c84fa94-04c1-424b-9868-57a2d4851a1d" relativeResultsDirectory="330a41b7-dadc-4925-9eb2-f14a3df0edd5" />
    <UnitTestResult executionId="fe7c99de-d722-40fd-a85d-8525ee609a88" testId="9fb7cef4-08d1-07ae-066e-c15897942ba0" testName="ScientiaTest.ControllerTests.AuthorControllerTest.GetAllAuthorsTest" computerName="WINAPWFK9LXWCK5" duration="00:00:00.0011416" startTime="2021-05-08T15:15:04.2582557+01:00" endTime="2021-05-08T15:15:04.2582566+01:00" testType="13cdc9d9-ddb5-4fa4-a97d-d965ccfc6d4b" outcome="Passed" testListId="8c84fa94-04c1-424b-9868-57a2d4851a1d" relativeResultsDirectory="fe7c99de-d722-40fd-a85d-8525ee609a88" />
    <UnitTestResult executionId="eaf30c07-a87c-433e-bbe0-15f4ba7f00cb" testId="1323b117-56c9-d0ce-ae6b-f61904e97de7" testName="ScientiaTest.ControllerTests.AuthorControllerTest.GetAuthorTest" computerName="WINAPWFK9LXWCK5" duration="00:00:00.0014547" startTime="2021-05-08T15:15:04.2668939+01:00" endTime="2021-05-08T15:15:04.2668946+01:00" testType="13cdc9d9-ddb5-4fa4-a97d-d965ccfc6d4b" outcome="Passed" testListId="8c84fa94-04c1-424b-9868-57a2d4851a1d" relativeResultsDirectory="eaf30c07-a87c-433e-bbe0-15f4ba7f00cb" />
    <UnitTestResult executionId="1136ad93-5cbb-4880-ab5e-6cf0964cb8b2" testId="17613c9d-70d8-4b0b-ca30-b2af9e828256" testName="ScientiaTest.ControllerTests.BookControllerTest.GetAllBooksTest" computerName="WINAPWFK9LXWCK5" duration="00:00:00.0010930" startTime="2021-05-08T15:15:04.2577046+01:00" endTime="2021-05-08T15:15:04.2577057+01:00" testType="13cdc9d9-ddb5-4fa4-a97d-d965ccfc6d4b" outcome="Passed" testListId="8c84fa94-04c1-424b-9868-57a2d4851a1d" relativeResultsDirectory="1136ad93-5cbb-4880-ab5e-6cf0964cb8b2" />
  </Results>
  <TestDefinitions>
    <UnitTest name="ScientiaTest.ControllerTests.BookControllerTest.GetBookTest" storage="c:\users\abubakr.olorunlambe\desktop\scientia\scientiawebapi\scientiatest\bin\debug\net5.0\scientiatest.dll" id="e49029af-be27-2205-ff67-7ef1add1eb08">
      <Execution id="1e9274d5-9d17-470b-abd6-83c72592827d" />
      <TestMethod codeBase="C:\Users\abubakr.olorunlambe\Desktop\Scientia\ScientiaWebAPI\ScientiaTest\bin\Debug\net5.0\ScientiaTest.dll" adapterTypeName="executor://xunit/VsTestRunner2/netcoreapp" className="ScientiaTest.ControllerTests.BookControllerTest" name="GetBookTest" />
    </UnitTest>
    <UnitTest name="ScientiaTest.ControllerTests.BookControllerTest.GetAllBooksTest" storage="c:\users\abubakr.olorunlambe\desktop\scientia\scientiawebapi\scientiatest\bin\debug\net5.0\scientiatest.dll" id="17613c9d-70d8-4b0b-ca30-b2af9e828256">
      <Execution id="1136ad93-5cbb-4880-ab5e-6cf0964cb8b2" />
      <TestMethod codeBase="C:\Users\abubakr.olorunlambe\Desktop\Scientia\ScientiaWebAPI\ScientiaTest\bin\Debug\net5.0\ScientiaTest.dll" adapterTypeName="executor://xunit/VsTestRunner2/netcoreapp" className="ScientiaTest.ControllerTests.BookControllerTest" name="GetAllBooksTest" />
    </UnitTest>
    <UnitTest name="ScientiaTest.ControllerTests.AuthorControllerTest.UpdateAuthorTest" storage="c:\users\abubakr.olorunlambe\desktop\scientia\scientiawebapi\scientiatest\bin\debug\net5.0\scientiatest.dll" id="f240973b-6a35-4e02-83a1-bcf9626b05e8">
      <Execution id="2b47608d-345a-428b-83a7-d380bd23db9f" />
      <TestMethod codeBase="C:\Users\abubakr.olorunlambe\Desktop\Scientia\ScientiaWebAPI\ScientiaTest\bin\Debug\net5.0\ScientiaTest.dll" adapterTypeName="executor://xunit/VsTestRunner2/netcoreapp" className="ScientiaTest.ControllerTests.AuthorControllerTest" name="UpdateAuthorTest" />
    </UnitTest>
    <UnitTest name="ScientiaTest.Utility.BookUtilityTest.GetViewModel" storage="c:\users\abubakr.olorunlambe\desktop\scientia\scientiawebapi\scientiatest\bin\debug\net5.0\scientiatest.dll" id="3b1b3669-c341-1e78-b9dc-0974283987a9">
      <Execution id="ffc3c002-c0a6-447e-b4d1-325e8afebf58" />
      <TestMethod codeBase="C:\Users\abubakr.olorunlambe\Desktop\Scientia\ScientiaWebAPI\ScientiaTest\bin\Debug\net5.0\ScientiaTest.dll" adapterTypeName="executor://xunit/VsTestRunner2/netcoreapp" className="ScientiaTest.Utility.BookUtilityTest" name="GetViewModel" />
    </UnitTest>
    <UnitTest name="ScientiaTest.ControllerTests.AuthorControllerTest.GetAllAuthorsTest" storage="c:\users\abubakr.olorunlambe\desktop\scientia\scientiawebapi\scientiatest\bin\debug\net5.0\scientiatest.dll" id="9fb7cef4-08d1-07ae-066e-c15897942ba0">
      <Execution id="fe7c99de-d722-40fd-a85d-8525ee609a88" />
      <TestMethod codeBase="C:\Users\abubakr.olorunlambe\Desktop\Scientia\ScientiaWebAPI\ScientiaTest\bin\Debug\net5.0\ScientiaTest.dll" adapterTypeName="executor://xunit/VsTestRunner2/netcoreapp" className="ScientiaTest.ControllerTests.AuthorControllerTest" name="GetAllAuthorsTest" />
    </UnitTest>
    <UnitTest name="ScientiaTest.Utility.AuthorUtilityTest.GetViewModel" storage="c:\users\abubakr.olorunlambe\desktop\scientia\scientiawebapi\scientiatest\bin\debug\net5.0\scientiatest.dll" id="3502f271-13fa-8b59-6263-1c0f153ba471">
      <Execution id="ff177e4d-81a2-4c82-b13b-d4013886ee8a" />
      <TestMethod codeBase="C:\Users\abubakr.olorunlambe\Desktop\Scientia\ScientiaWebAPI\ScientiaTest\bin\Debug\net5.0\ScientiaTest.dll" adapterTypeName="executor://xunit/VsTestRunner2/netcoreapp" className="ScientiaTest.Utility.AuthorUtilityTest" name="GetViewModel" />
    </UnitTest>
    <UnitTest name="ScientiaTest.ControllerTests.BookControllerTest.UpdateBookTest" storage="c:\users\abubakr.olorunlambe\desktop\scientia\scientiawebapi\scientiatest\bin\debug\net5.0\scientiatest.dll" id="8b193d99-44f8-09eb-ffc8-803e8dfd57be">
      <Execution id="c8b12b1f-0c35-402f-8dde-68cde5f5d434" />
      <TestMethod codeBase="C:\Users\abubakr.olorunlambe\Desktop\Scientia\ScientiaWebAPI\ScientiaTest\bin\Debug\net5.0\ScientiaTest.dll" adapterTypeName="executor://xunit/VsTestRunner2/netcoreapp" className="ScientiaTest.ControllerTests.BookControllerTest" name="UpdateBookTest" />
    </UnitTest>
    <UnitTest name="ScientiaTest.ControllerTests.BookControllerTest.AddBookTest" storage="c:\users\abubakr.olorunlambe\desktop\scientia\scientiawebapi\scientiatest\bin\debug\net5.0\scientiatest.dll" id="d2777cfa-be52-0448-7566-5e173e903bea">
      <Execution id="330a41b7-dadc-4925-9eb2-f14a3df0edd5" />
      <TestMethod codeBase="C:\Users\abubakr.olorunlambe\Desktop\Scientia\ScientiaWebAPI\ScientiaTest\bin\Debug\net5.0\ScientiaTest.dll" adapterTypeName="executor://xunit/VsTestRunner2/netcoreapp" className="ScientiaTest.ControllerTests.BookControllerTest" name="AddBookTest" />
    </UnitTest>
    <UnitTest name="ScientiaTest.Utility.AuthorUtilityTest.GetViewModels" storage="c:\users\abubakr.olorunlambe\desktop\scientia\scientiawebapi\scientiatest\bin\debug\net5.0\scientiatest.dll" id="921f6832-9c62-5746-1cef-a7579a0bd74f">
      <Execution id="c0951496-cee8-427c-ba51-5f427d0ebd4a" />
      <TestMethod codeBase="C:\Users\abubakr.olorunlambe\Desktop\Scientia\ScientiaWebAPI\ScientiaTest\bin\Debug\net5.0\ScientiaTest.dll" adapterTypeName="executor://xunit/VsTestRunner2/netcoreapp" className="ScientiaTest.Utility.AuthorUtilityTest" name="GetViewModels" />
    </UnitTest>
    <UnitTest name="ScientiaTest.Utility.BookUtilityTest.GetViewModels" storage="c:\users\abubakr.olorunlambe\desktop\scientia\scientiawebapi\scientiatest\bin\debug\net5.0\scientiatest.dll" id="8ac49355-cab9-70f5-a6f1-df0ece250670">
      <Execution id="141dc137-804f-4630-8ab8-a372ae0f949f" />
      <TestMethod codeBase="C:\Users\abubakr.olorunlambe\Desktop\Scientia\ScientiaWebAPI\ScientiaTest\bin\Debug\net5.0\ScientiaTest.dll" adapterTypeName="executor://xunit/VsTestRunner2/netcoreapp" className="ScientiaTest.Utility.BookUtilityTest" name="GetViewModels" />
    </UnitTest>
    <UnitTest name="ScientiaTest.ControllerTests.AuthorControllerTest.DeleteAuthorTest" storage="c:\users\abubakr.olorunlambe\desktop\scientia\scientiawebapi\scientiatest\bin\debug\net5.0\scientiatest.dll" id="af0532c7-4118-addd-ffaf-66fdc4f124a8">
      <Execution id="6ebf2c5c-631a-4ebe-b3ed-2b4a9bb42d4a" />
      <TestMethod codeBase="C:\Users\abubakr.olorunlambe\Desktop\Scientia\ScientiaWebAPI\ScientiaTest\bin\Debug\net5.0\ScientiaTest.dll" adapterTypeName="executor://xunit/VsTestRunner2/netcoreapp" className="ScientiaTest.ControllerTests.AuthorControllerTest" name="DeleteAuthorTest" />
    </UnitTest>
    <UnitTest name="ScientiaTest.ControllerTests.BookControllerTest.DeleteBookTest" storage="c:\users\abubakr.olorunlambe\desktop\scientia\scientiawebapi\scientiatest\bin\debug\net5.0\scientiatest.dll" id="6b9dafb0-f801-3469-b9e0-fd6114546cad">
      <Execution id="947715be-a402-4493-9e27-fb6e48f80b1a" />
      <TestMethod codeBase="C:\Users\abubakr.olorunlambe\Desktop\Scientia\ScientiaWebAPI\ScientiaTest\bin\Debug\net5.0\ScientiaTest.dll" adapterTypeName="executor://xunit/VsTestRunner2/netcoreapp" className="ScientiaTest.ControllerTests.BookControllerTest" name="DeleteBookTest" />
    </UnitTest>
    <UnitTest name="ScientiaTest.ControllerTests.AuthorControllerTest.GetAuthorTest" storage="c:\users\abubakr.olorunlambe\desktop\scientia\scientiawebapi\scientiatest\bin\debug\net5.0\scientiatest.dll" id="1323b117-56c9-d0ce-ae6b-f61904e97de7">
      <Execution id="eaf30c07-a87c-433e-bbe0-15f4ba7f00cb" />
      <TestMethod codeBase="C:\Users\abubakr.olorunlambe\Desktop\Scientia\ScientiaWebAPI\ScientiaTest\bin\Debug\net5.0\ScientiaTest.dll" adapterTypeName="executor://xunit/VsTestRunner2/netcoreapp" className="ScientiaTest.ControllerTests.AuthorControllerTest" name="GetAuthorTest" />
    </UnitTest>
  </TestDefinitions>
  <TestEntries>
    <TestEntry testId="8ac49355-cab9-70f5-a6f1-df0ece250670" executionId="141dc137-804f-4630-8ab8-a372ae0f949f" testListId="8c84fa94-04c1-424b-9868-57a2d4851a1d" />
    <TestEntry testId="6b9dafb0-f801-3469-b9e0-fd6114546cad" executionId="947715be-a402-4493-9e27-fb6e48f80b1a" testListId="8c84fa94-04c1-424b-9868-57a2d4851a1d" />
    <TestEntry testId="f240973b-6a35-4e02-83a1-bcf9626b05e8" executionId="2b47608d-345a-428b-83a7-d380bd23db9f" testListId="8c84fa94-04c1-424b-9868-57a2d4851a1d" />
    <TestEntry testId="e49029af-be27-2205-ff67-7ef1add1eb08" executionId="1e9274d5-9d17-470b-abd6-83c72592827d" testListId="8c84fa94-04c1-424b-9868-57a2d4851a1d" />
    <TestEntry testId="921f6832-9c62-5746-1cef-a7579a0bd74f" executionId="c0951496-cee8-427c-ba51-5f427d0ebd4a" testListId="8c84fa94-04c1-424b-9868-57a2d4851a1d" />
    <TestEntry testId="af0532c7-4118-addd-ffaf-66fdc4f124a8" executionId="6ebf2c5c-631a-4ebe-b3ed-2b4a9bb42d4a" testListId="8c84fa94-04c1-424b-9868-57a2d4851a1d" />
    <TestEntry testId="8b193d99-44f8-09eb-ffc8-803e8dfd57be" executionId="c8b12b1f-0c35-402f-8dde-68cde5f5d434" testListId="8c84fa94-04c1-424b-9868-57a2d4851a1d" />
    <TestEntry testId="3502f271-13fa-8b59-6263-1c0f153ba471" executionId="ff177e4d-81a2-4c82-b13b-d4013886ee8a" testListId="8c84fa94-04c1-424b-9868-57a2d4851a1d" />
    <TestEntry testId="3b1b3669-c341-1e78-b9dc-0974283987a9" executionId="ffc3c002-c0a6-447e-b4d1-325e8afebf58" testListId="8c84fa94-04c1-424b-9868-57a2d4851a1d" />
    <TestEntry testId="d2777cfa-be52-0448-7566-5e173e903bea" executionId="330a41b7-dadc-4925-9eb2-f14a3df0edd5" testListId="8c84fa94-04c1-424b-9868-57a2d4851a1d" />
    <TestEntry testId="9fb7cef4-08d1-07ae-066e-c15897942ba0" executionId="fe7c99de-d722-40fd-a85d-8525ee609a88" testListId="8c84fa94-04c1-424b-9868-57a2d4851a1d" />
    <TestEntry testId="1323b117-56c9-d0ce-ae6b-f61904e97de7" executionId="eaf30c07-a87c-433e-bbe0-15f4ba7f00cb" testListId="8c84fa94-04c1-424b-9868-57a2d4851a1d" />
    <TestEntry testId="17613c9d-70d8-4b0b-ca30-b2af9e828256" executionId="1136ad93-5cbb-4880-ab5e-6cf0964cb8b2" testListId="8c84fa94-04c1-424b-9868-57a2d4851a1d" />
  </TestEntries>
  <TestLists>
    <TestList name="Results Not in a List" id="8c84fa94-04c1-424b-9868-57a2d4851a1d" />
    <TestList name="All Loaded Results" id="19431567-8539-422a-85d7-44ee4e166bda" />
  </TestLists>
  <ResultSummary outcome="Completed">
    <Counters total="13" executed="13" passed="13" failed="0" error="0" timeout="0" aborted="0" inconclusive="0" passedButRunAborted="0" notRunnable="0" notExecuted="0" disconnected="0" warning="0" completed="0" inProgress="0" pending="0" />
    <Output>
      <StdOut>[xUnit.net 00:00:00.00] xUnit.net VSTest Adapter v2.4.3+1b45f5407b (64-bit .NET 5.0.5)&#xD;
[xUnit.net 00:00:01.78]   Discovering: ScientiaTest&#xD;
[xUnit.net 00:00:01.81]   Discovered:  ScientiaTest&#xD;
[xUnit.net 00:00:01.82]   Starting:    ScientiaTest&#xD;
[xUnit.net 00:00:02.13]   Finished:    ScientiaTest&#xD;
</StdOut>
    </Output>
    <CollectorDataEntries>
      <Collector agentName="WINAPWFK9LXWCK5" uri="datacollector://microsoft/CodeCoverage/2.0" collectorDisplayName="Code Coverage">
        <UriAttachments>
          <UriAttachment>
            <A href="WINAPWFK9LXWCK5\abubakr.olorunlambe_WINAPWFK9LXWCK5_2021-05-08.15_15_01.coverage"></A>
          </UriAttachment>
        </UriAttachments>
      </Collector>
    </CollectorDataEntries>
  </ResultSummary>
</TestRun>